<?xml version="1.0" encoding="UTF-8"?>
<!-- Generated by org.testng.reporters.JUnitXMLReporter -->
<testsuite hostname="TSQA-L004" ignored="0" name="Default test" tests="2" failures="0" timestamp="27 Sep 2019 05:38:47 GMT" time="4.428" errors="0">
  <testcase name="@BeforeMethod LaunchUrl" time="3.446" classname="org.trident.leaftaps.common.CommonMethod">
    <failure type="org.openqa.selenium.SessionNotCreatedException" message="session not created: This version of ChromeDriver only supports Chrome version 75
Build info: version: &amp;apos;3.141.59&amp;apos;, revision: &amp;apos;e82be7d358&amp;apos;, time: &amp;apos;2018-11-14T08:17:03&amp;apos;
System info: host: &amp;apos;TSQA-L004&amp;apos;, ip: &amp;apos;192.168.20.64&amp;apos;, os.name: &amp;apos;Windows 7&amp;apos;, os.arch: &amp;apos;amd64&amp;apos;, os.version: &amp;apos;6.1&amp;apos;, java.version: &amp;apos;1.8.0_131&amp;apos;
Driver info: driver.version: ChromeDriver
remote stacktrace: Backtrace:
	Ordinal0 [0x01021B43+1448771]
	Ordinal0 [0x00FA5A31+940593]
	Ordinal0 [0x00F32293+467603]
	Ordinal0 [0x00ECF27E+62078]
	Ordinal0 [0x00ECBBBD+48061]
	Ordinal0 [0x00EE8D09+167177]
	Ordinal0 [0x00EE88DD+166109]
	Ordinal0 [0x00EE6FEB+159723]
	Ordinal0 [0x00ED09F6+68086]
	Ordinal0 [0x00ED1990+72080]
	Ordinal0 [0x00ED1929+71977]
	GetHandleVerifier [0x01162E8C+1172172]
	GetHandleVerifier [0x010BFE55+504469]
	GetHandleVerifier [0x010BFBF0+503856]
	Ordinal0 [0x0102C9C8+1493448]
	GetHandleVerifier [0x010C062A+506474]
	Ordinal0 [0x00FB7156+1012054]
	Ordinal0 [0x00FB6FCF+1011663]
	Ordinal0 [0x00FC135B+1053531]
	Ordinal0 [0x00FC14C3+1053891]
	Ordinal0 [0x00FC04F5+1049845]
	BaseThreadInitThunk [0x7474343D+18]
	RtlInitializeExceptionChain [0x76FE9802+99]
	RtlInitializeExceptionChain [0x76FE97D5+54]
">
      <![CDATA[org.openqa.selenium.SessionNotCreatedException: session not created: This version of ChromeDriver only supports Chrome version 75
Build info: version: '3.141.59', revision: 'e82be7d358', time: '2018-11-14T08:17:03'
System info: host: 'TSQA-L004', ip: '192.168.20.64', os.name: 'Windows 7', os.arch: 'amd64', os.version: '6.1', java.version: '1.8.0_131'
Driver info: driver.version: ChromeDriver
remote stacktrace: Backtrace:
Ordinal0 [0x01021B43+1448771]
Ordinal0 [0x00FA5A31+940593]
Ordinal0 [0x00F32293+467603]
Ordinal0 [0x00ECF27E+62078]
Ordinal0 [0x00ECBBBD+48061]
Ordinal0 [0x00EE8D09+167177]
Ordinal0 [0x00EE88DD+166109]
Ordinal0 [0x00EE6FEB+159723]
Ordinal0 [0x00ED09F6+68086]
Ordinal0 [0x00ED1990+72080]
Ordinal0 [0x00ED1929+71977]
GetHandleVerifier [0x01162E8C+1172172]
GetHandleVerifier [0x010BFE55+504469]
GetHandleVerifier [0x010BFBF0+503856]
Ordinal0 [0x0102C9C8+1493448]
GetHandleVerifier [0x010C062A+506474]
Ordinal0 [0x00FB7156+1012054]
Ordinal0 [0x00FB6FCF+1011663]
Ordinal0 [0x00FC135B+1053531]
Ordinal0 [0x00FC14C3+1053891]
Ordinal0 [0x00FC04F5+1049845]
BaseThreadInitThunk [0x7474343D+18]
RtlInitializeExceptionChain [0x76FE9802+99]
RtlInitializeExceptionChain [0x76FE97D5+54]

at sun.reflect.NativeConstructorAccessorImpl.newInstance0(Native Method)
at sun.reflect.NativeConstructorAccessorImpl.newInstance(Unknown Source)
at sun.reflect.DelegatingConstructorAccessorImpl.newInstance(Unknown Source)
at java.lang.reflect.Constructor.newInstance(Unknown Source)
at org.openqa.selenium.remote.W3CHandshakeResponse.lambda$errorHandler$0(W3CHandshakeResponse.java:62)
at org.openqa.selenium.remote.HandshakeResponse.lambda$getResponseFunction$0(HandshakeResponse.java:30)
at org.openqa.selenium.remote.ProtocolHandshake.lambda$createSession$0(ProtocolHandshake.java:126)
at java.util.stream.ReferencePipeline$3$1.accept(Unknown Source)
at java.util.Spliterators$ArraySpliterator.tryAdvance(Unknown Source)
at java.util.stream.ReferencePipeline.forEachWithCancel(Unknown Source)
at java.util.stream.AbstractPipeline.copyIntoWithCancel(Unknown Source)
at java.util.stream.AbstractPipeline.copyInto(Unknown Source)
at java.util.stream.AbstractPipeline.wrapAndCopyInto(Unknown Source)
at java.util.stream.FindOps$FindOp.evaluateSequential(Unknown Source)
at java.util.stream.AbstractPipeline.evaluate(Unknown Source)
at java.util.stream.ReferencePipeline.findFirst(Unknown Source)
at org.openqa.selenium.remote.ProtocolHandshake.createSession(ProtocolHandshake.java:128)
at org.openqa.selenium.remote.ProtocolHandshake.createSession(ProtocolHandshake.java:74)
at org.openqa.selenium.remote.HttpCommandExecutor.execute(HttpCommandExecutor.java:136)
at org.openqa.selenium.remote.service.DriverCommandExecutor.execute(DriverCommandExecutor.java:83)
at org.openqa.selenium.remote.RemoteWebDriver.execute(RemoteWebDriver.java:552)
at org.openqa.selenium.remote.RemoteWebDriver.startSession(RemoteWebDriver.java:213)
at org.openqa.selenium.remote.RemoteWebDriver.<init>(RemoteWebDriver.java:131)
at org.openqa.selenium.chrome.ChromeDriver.<init>(ChromeDriver.java:181)
at org.openqa.selenium.chrome.ChromeDriver.<init>(ChromeDriver.java:168)
at org.openqa.selenium.chrome.ChromeDriver.<init>(ChromeDriver.java:123)
at org.trident.leaftaps.common.CommonMethod.LaunchUrl(CommonMethod.java:17)
at sun.reflect.NativeMethodAccessorImpl.invoke0(Native Method)
at sun.reflect.NativeMethodAccessorImpl.invoke(Unknown Source)
at sun.reflect.DelegatingMethodAccessorImpl.invoke(Unknown Source)
at java.lang.reflect.Method.invoke(Unknown Source)
at org.testng.internal.MethodInvocationHelper.invokeMethod(MethodInvocationHelper.java:124)
at org.testng.internal.MethodInvocationHelper.invokeMethodConsideringTimeout(MethodInvocationHelper.java:59)
at org.testng.internal.Invoker.invokeConfigurationMethod(Invoker.java:458)
at org.testng.internal.Invoker.invokeConfigurations(Invoker.java:222)
at org.testng.internal.Invoker.invokeMethod(Invoker.java:523)
at org.testng.internal.Invoker.invokeTestMethod(Invoker.java:719)
at org.testng.internal.Invoker.invokeTestMethods(Invoker.java:989)
at org.testng.internal.TestMethodWorker.invokeTestMethods(TestMethodWorker.java:125)
at org.testng.internal.TestMethodWorker.run(TestMethodWorker.java:109)
at org.testng.TestRunner.privateRun(TestRunner.java:648)
at org.testng.TestRunner.run(TestRunner.java:505)
at org.testng.SuiteRunner.runTest(SuiteRunner.java:455)
at org.testng.SuiteRunner.runSequentially(SuiteRunner.java:450)
at org.testng.SuiteRunner.privateRun(SuiteRunner.java:415)
at org.testng.SuiteRunner.run(SuiteRunner.java:364)
at org.testng.SuiteRunnerWorker.runSuite(SuiteRunnerWorker.java:52)
at org.testng.SuiteRunnerWorker.run(SuiteRunnerWorker.java:84)
at org.testng.TestNG.runSuitesSequentially(TestNG.java:1208)
at org.testng.TestNG.runSuitesLocally(TestNG.java:1137)
at org.testng.TestNG.runSuites(TestNG.java:1049)
at org.testng.TestNG.run(TestNG.java:1017)
at org.testng.remote.AbstractRemoteTestNG.run(AbstractRemoteTestNG.java:115)
at org.testng.remote.RemoteTestNG.initAndRun(RemoteTestNG.java:251)
at org.testng.remote.RemoteTestNG.main(RemoteTestNG.java:77)
]]>
    </failure>
  </testcase> <!-- @BeforeMethod LaunchUrl -->
  <testcase name="@AfterMethod closeApp" time="0.0" classname="org.trident.leaftaps.common.CommonMethod">
    <skipped/>
  </testcase> <!-- @AfterMethod closeApp -->
  <testcase name="@BeforeMethod LaunchUrl" time="0.0" classname="org.trident.leaftaps.common.CommonMethod">
    <skipped/>
  </testcase> <!-- @BeforeMethod LaunchUrl -->
  <testcase name="@AfterMethod closeApp" time="0.0" classname="org.trident.leaftaps.common.CommonMethod">
    <skipped/>
  </testcase> <!-- @AfterMethod closeApp -->
  <testcase name="RunTestcases" time="0.0" classname="org.trident.leaftaps.pages.testcases.TC_1">
    <skipped/>
  </testcase> <!-- RunTestcases -->
  <testcase name="RunTestcases" time="0.0" classname="org.trident.leaftaps.pages.testcases.TC_1">
    <skipped/>
  </testcase> <!-- RunTestcases -->
</testsuite> <!-- Default test -->
